2020-05-16 23:33:55 [DEBUG][main][ ru.gds.spring.mongo.MongoConfig] - MongoProps Library info: dataBase=mydb uri=null host=null port=0
2020-05-16 23:33:56 [DEBUG][main][u.gds.spring.mongo.events.AuthorMongoEventListener] - AuthorMongoEventListener delete
2020-05-16 23:33:56 [DEBUG][main][ru.gds.spring.microservice.util.FileUtils] - start getFileBytes: images/NPerumov_KoltsoTmy.jpg
2020-05-16 23:33:56 [ERROR][main][ru.gds.spring.microservice.util.FileUtils] - file not found: images/NPerumov_KoltsoTmy.jpg
2020-05-16 23:33:56 [DEBUG][main][ru.gds.spring.microservice.util.FileUtils] - start getFileBytes: images/MBulgakov_MasterIMargarita.jpg
2020-05-16 23:33:56 [ERROR][main][ru.gds.spring.microservice.util.FileUtils] - file not found: images/MBulgakov_MasterIMargarita.jpg
2020-05-16 23:33:57 [DEBUG][main][ru.gds.spring.mongo.events.GenreMongoEventListener] - GenreMongoEventListener delete
2020-05-16 23:33:57 [DEBUG][main][ru.gds.spring.mongo.events.RoleMongoEventListener] - RoleMongoEventListener delete
2020-05-16 23:33:57 [DEBUG][main][u.gds.spring.mongo.events.StatusMongoEventListener] - StatusMongoEventListener delete
2020-05-17 16:58:59 [DEBUG][main][ ru.gds.spring.mongo.MongoConfig] - MongoProps Library info: dataBase=mydb uri=null host=null port=0
2020-05-17 16:59:00 [DEBUG][main][u.gds.spring.mongo.events.AuthorMongoEventListener] - AuthorMongoEventListener delete
2020-05-17 16:59:01 [DEBUG][main][ru.gds.spring.microservice.util.FileUtils] - start getFileBytes: images/NPerumov_KoltsoTmy.jpg
2020-05-17 16:59:01 [ERROR][main][ru.gds.spring.microservice.util.FileUtils] - file not found: images/NPerumov_KoltsoTmy.jpg
2020-05-17 16:59:01 [DEBUG][main][ru.gds.spring.microservice.util.FileUtils] - start getFileBytes: images/MBulgakov_MasterIMargarita.jpg
2020-05-17 16:59:01 [ERROR][main][ru.gds.spring.microservice.util.FileUtils] - file not found: images/MBulgakov_MasterIMargarita.jpg
2020-05-17 16:59:01 [DEBUG][main][ru.gds.spring.mongo.events.GenreMongoEventListener] - GenreMongoEventListener delete
2020-05-17 16:59:01 [DEBUG][main][ru.gds.spring.mongo.events.RoleMongoEventListener] - RoleMongoEventListener delete
2020-05-17 16:59:01 [DEBUG][main][u.gds.spring.mongo.events.StatusMongoEventListener] - StatusMongoEventListener delete
2020-05-17 17:00:15 [DEBUG][main][ ru.gds.spring.mongo.MongoConfig] - MongoProps Library info: dataBase=mydb uri=null host=null port=0
2020-05-17 17:00:16 [DEBUG][main][u.gds.spring.mongo.events.AuthorMongoEventListener] - AuthorMongoEventListener delete
2020-05-17 17:00:16 [DEBUG][main][ru.gds.spring.microservice.util.FileUtils] - start getFileBytes: images/NPerumov_KoltsoTmy.jpg
2020-05-17 17:00:16 [ERROR][main][ru.gds.spring.microservice.util.FileUtils] - file not found: images/NPerumov_KoltsoTmy.jpg
2020-05-17 17:00:16 [DEBUG][main][ru.gds.spring.microservice.util.FileUtils] - start getFileBytes: images/MBulgakov_MasterIMargarita.jpg
2020-05-17 17:00:16 [ERROR][main][ru.gds.spring.microservice.util.FileUtils] - file not found: images/MBulgakov_MasterIMargarita.jpg
2020-05-17 17:00:17 [DEBUG][main][ru.gds.spring.mongo.events.GenreMongoEventListener] - GenreMongoEventListener delete
2020-05-17 17:00:17 [DEBUG][main][ru.gds.spring.mongo.events.RoleMongoEventListener] - RoleMongoEventListener delete
2020-05-17 17:00:17 [DEBUG][main][u.gds.spring.mongo.events.StatusMongoEventListener] - StatusMongoEventListener delete
2020-05-17 17:25:35 [DEBUG][main][ ru.gds.spring.mongo.MongoConfig] - MongoProps Library info: dataBase=mydb uri=null host=null port=0
2020-05-17 17:25:37 [DEBUG][main][u.gds.spring.mongo.events.AuthorMongoEventListener] - AuthorMongoEventListener delete
2020-05-17 17:25:37 [DEBUG][main][ru.gds.spring.microservice.util.FileUtils] - start getFileBytes: images/NPerumov_KoltsoTmy.jpg
2020-05-17 17:25:37 [ERROR][main][ru.gds.spring.microservice.util.FileUtils] - file not found: images/NPerumov_KoltsoTmy.jpg
2020-05-17 17:25:37 [DEBUG][main][ru.gds.spring.microservice.util.FileUtils] - start getFileBytes: images/MBulgakov_MasterIMargarita.jpg
2020-05-17 17:25:37 [ERROR][main][ru.gds.spring.microservice.util.FileUtils] - file not found: images/MBulgakov_MasterIMargarita.jpg
2020-05-17 17:25:37 [DEBUG][main][ru.gds.spring.mongo.events.GenreMongoEventListener] - GenreMongoEventListener delete
2020-05-17 17:25:37 [DEBUG][main][ru.gds.spring.mongo.events.RoleMongoEventListener] - RoleMongoEventListener delete
2020-05-17 17:25:37 [DEBUG][main][u.gds.spring.mongo.events.StatusMongoEventListener] - StatusMongoEventListener delete
